Using pre-set license
Built from '2020.2/release' branch; Version is '2020.2.4f1 (becced5a802b) revision 12504301'; Using compiler version '192528614'; Build Type 'Release'
OS: 'Windows 10 Pro; OS build 19042.867; Version 2009; 64bit' Language: 'en' Physical Memory: 16195 MB
BatchMode: 1, IsHumanControllingUs: 0, StartBugReporterOnCrash: 0, Is64bit: 1, IsPro: 0

 COMMAND LINE ARGUMENTS:
F:\Documents\Unity\2020.2.4f1\Editor\Unity.exe
-adb2
-batchMode
-noUpm
-name
AssetImportWorker0
-projectPath
F:/T1GDS230/CollectnCook/Collect n Cook
-logFile
Logs/AssetImportWorker0.log
-srvPort
54428
Successfully changed project path to: F:/T1GDS230/CollectnCook/Collect n Cook
F:/T1GDS230/CollectnCook/Collect n Cook
Using Asset Import Pipeline V2.
Refreshing native plugins compatible for Editor in 41.27 ms, found 0 plugins.
Preloading 0 native plugins for Editor in 0.00 ms.
Initialize engine version: 2020.2.4f1 (becced5a802b)
[Subsystems] Discovering subsystems at path F:/Documents/Unity/2020.2.4f1/Editor/Data/Resources/UnitySubsystems
[Subsystems] Discovering subsystems at path F:/T1GDS230/CollectnCook/Collect n Cook/Assets
GfxDevice: creating device client; threaded=0
Direct3D:
    Version:  Direct3D 11.0 [level 11.1]
    Renderer: Radeon RX Vega M GL Graphics (ID=0x694e)
    Vendor:   
    VRAM:     4044 MB
    Driver:   24.20.11001.8003
Initialize mono
Mono path[0] = 'F:/Documents/Unity/2020.2.4f1/Editor/Data/Managed'
Mono path[1] = 'F:/Documents/Unity/2020.2.4f1/Editor/Data/MonoBleedingEdge/lib/mono/unityjit'
Mono config path = 'F:/Documents/Unity/2020.2.4f1/Editor/Data/MonoBleedingEdge/etc'
Using monoOptions --debugger-agent=transport=dt_socket,embedding=1,server=y,suspend=n,address=127.0.0.1:56372
Begin MonoManager ReloadAssembly
Registering precompiled unity dll's ...
Register platform support module: F:/Documents/Unity/2020.2.4f1/Editor/Data/PlaybackEngines/WindowsStandaloneSupport/UnityEditor.WindowsStandalone.Extensions.dll
Registered in 0.001147 seconds.
Native extension for WindowsStandalone target not found
Refreshing native plugins compatible for Editor in 36.84 ms, found 0 plugins.
Preloading 0 native plugins for Editor in 0.00 ms.
Invoked RoslynAnalysisRunner static constructor.
RoslynAnalysisRunner will not be running.
RoslynAnalysisRunner has terminated.
Mono: successfully reloaded assembly
- Completed reload, in  1.013 seconds
Platform modules already initialized, skipping
Registering precompiled user dll's ...
Registered in 0.000713 seconds.
Begin MonoManager ReloadAssembly
Native extension for WindowsStandalone target not found
Refreshing native plugins compatible for Editor in 0.54 ms, found 0 plugins.
Preloading 0 native plugins for Editor in 0.00 ms.
Invoked RoslynAnalysisRunner static constructor.
RoslynAnalysisRunner will not be running.
RoslynAnalysisRunner has terminated.
Mono: successfully reloaded assembly
- Completed reload, in  0.866 seconds
Platform modules already initialized, skipping
========================================================================
Worker process is ready to serve import requests
Launched and connected shader compiler UnityShaderCompiler.exe after 0.05 seconds
Refreshing native plugins compatible for Editor in 0.56 ms, found 0 plugins.
Preloading 0 native plugins for Editor in 0.00 ms.
Unloading 1412 Unused Serialized files (Serialized files now loaded: 0)
System memory in use before: 150.8 MB.
System memory in use after: 150.9 MB.

Unloading 11 unused Assets to reduce memory usage. Loaded Objects now: 1875.
Total: 2.661200 ms (FindLiveObjects: 0.261300 ms CreateObjectMapping: 0.108400 ms MarkObjects: 2.167700 ms  DeleteObjects: 0.122300 ms)

========================================================================
Received Import Request.
  path: Assets/Scripts/PlayerMovement.cs
  artifactKey: Guid(7c31905ee1b170b479cb48d75a694532) Importer(815301076,1909f56bfc062723c751e8b465ee728b)
Start importing Assets/Scripts/PlayerMovement.cs using Guid(7c31905ee1b170b479cb48d75a694532) Importer(815301076,1909f56bfc062723c751e8b465ee728b)  -> (artifact id: 'b938e28b8fd8a765cf9571cba973959d') in 0.171521 seconds
  Import took 0.174045 seconds .

========================================================================
Received Import Request.
  Time since last request: 46.892755 seconds.
  path: Assets/PolygonAdventure/Prefabs/Environments/SM_Env_Plant_01.prefab
  artifactKey: Guid(d7a915fb0c1dc1b4dab87d1268965a0e) Importer(815301076,1909f56bfc062723c751e8b465ee728b)
Start importing Assets/PolygonAdventure/Prefabs/Environments/SM_Env_Plant_01.prefab using Guid(d7a915fb0c1dc1b4dab87d1268965a0e) Importer(815301076,1909f56bfc062723c751e8b465ee728b)  -> (artifact id: 'c0df6f97932def6dde1330e12315ab54') in 0.133633 seconds
  Import took 0.136757 seconds .

========================================================================
Received Import Request.
  Time since last request: 0.000459 seconds.
  path: Assets/PolygonAdventure/Prefabs/Environments/SM_Env_Pebble_03.prefab
  artifactKey: Guid(22fe377b1d631ae4fb1b79c0bed36c2d) Importer(815301076,1909f56bfc062723c751e8b465ee728b)
Start importing Assets/PolygonAdventure/Prefabs/Environments/SM_Env_Pebble_03.prefab using Guid(22fe377b1d631ae4fb1b79c0bed36c2d) Importer(815301076,1909f56bfc062723c751e8b465ee728b)  -> (artifact id: 'e34153c460d5767024c43c9902959834') in 0.026495 seconds
  Import took 0.030236 seconds .

========================================================================
Received Import Request.
  Time since last request: 0.000855 seconds.
  path: Assets/PolygonAdventure/Prefabs/Environments/SM_Env_Plant_04.prefab
  artifactKey: Guid(03c9d794d270d6a42a8617eaebbd1558) Importer(815301076,1909f56bfc062723c751e8b465ee728b)
Start importing Assets/PolygonAdventure/Prefabs/Environments/SM_Env_Plant_04.prefab using Guid(03c9d794d270d6a42a8617eaebbd1558) Importer(815301076,1909f56bfc062723c751e8b465ee728b)  -> (artifact id: '0066d0b2bb0fd82105724e3f22f15148') in 0.025418 seconds
  Import took 0.028411 seconds .

========================================================================
Received Import Request.
  Time since last request: 0.000238 seconds.
  path: Assets/PolygonAdventure/Prefabs/Environments/SM_Env_Rock_08.prefab
  artifactKey: Guid(cb2f3e821d9528844b40c91c674903d9) Importer(815301076,1909f56bfc062723c751e8b465ee728b)
Start importing Assets/PolygonAdventure/Prefabs/Environments/SM_Env_Rock_08.prefab using Guid(cb2f3e821d9528844b40c91c674903d9) Importer(815301076,1909f56bfc062723c751e8b465ee728b)  -> (artifact id: 'dc10ffde6738819a7f7d72e7dba18a9f') in 0.025772 seconds
  Import took 0.029133 seconds .

========================================================================
Received Import Request.
  Time since last request: 0.000162 seconds.
  path: Assets/PolygonAdventure/Prefabs/Environments/SM_Env_Pebble_06.prefab
  artifactKey: Guid(08edd15f232afde409a1233e662e4877) Importer(815301076,1909f56bfc062723c751e8b465ee728b)
Start importing Assets/PolygonAdventure/Prefabs/Environments/SM_Env_Pebble_06.prefab using Guid(08edd15f232afde409a1233e662e4877) Importer(815301076,1909f56bfc062723c751e8b465ee728b)  -> (artifact id: 'bd4228f0e35ff3123e9b9837731f854e') in 0.017664 seconds
  Import took 0.021838 seconds .

========================================================================
Received Import Request.
  Time since last request: 0.000205 seconds.
  path: Assets/PolygonAdventure/Prefabs/Environments/SM_Env_Rock_011.prefab
  artifactKey: Guid(33869a01d3f526a40817cb7dc480cfe0) Importer(815301076,1909f56bfc062723c751e8b465ee728b)
Start importing Assets/PolygonAdventure/Prefabs/Environments/SM_Env_Rock_011.prefab using Guid(33869a01d3f526a40817cb7dc480cfe0) Importer(815301076,1909f56bfc062723c751e8b465ee728b)  -> (artifact id: '2928e6f5bd015c5308edbe6a8c365169') in 0.017373 seconds
  Import took 0.021670 seconds .

========================================================================
Received Import Request.
  Time since last request: 0.000192 seconds.
  path: Assets/PolygonAdventure/Prefabs/Environments/SM_Env_Rock_09.prefab
  artifactKey: Guid(9211b397ed1fec54fa30bd8c8b657e1f) Importer(815301076,1909f56bfc062723c751e8b465ee728b)
Start importing Assets/PolygonAdventure/Prefabs/Environments/SM_Env_Rock_09.prefab using Guid(9211b397ed1fec54fa30bd8c8b657e1f) Importer(815301076,1909f56bfc062723c751e8b465ee728b)  -> (artifact id: 'b105b848c90f405a89a74a474569c5c0') in 0.028617 seconds
  Import took 0.033384 seconds .

========================================================================
Received Import Request.
  Time since last request: 0.000396 seconds.
  path: Assets/PolygonAdventure/Prefabs/Environments/SM_Env_Pebble_07.prefab
  artifactKey: Guid(4ba3306fc02f77e4bb357f2f3030f5bb) Importer(815301076,1909f56bfc062723c751e8b465ee728b)
Start importing Assets/PolygonAdventure/Prefabs/Environments/SM_Env_Pebble_07.prefab using Guid(4ba3306fc02f77e4bb357f2f3030f5bb) Importer(815301076,1909f56bfc062723c751e8b465ee728b)  -> (artifact id: '566ccb057b1e9e4a04824015401f9417') in 0.020928 seconds
  Import took 0.026071 seconds .

========================================================================
Received Import Request.
  Time since last request: 0.000276 seconds.
  path: Assets/PolygonAdventure/Prefabs/Environments/SM_Env_Bush_04.prefab
  artifactKey: Guid(ef6ea52561f2ccd4cbc5b746b20c8892) Importer(815301076,1909f56bfc062723c751e8b465ee728b)
Start importing Assets/PolygonAdventure/Prefabs/Environments/SM_Env_Bush_04.prefab using Guid(ef6ea52561f2ccd4cbc5b746b20c8892) Importer(815301076,1909f56bfc062723c751e8b465ee728b)  -> (artifact id: 'cf2320f541371ae22cfdb63d6b0d4c34') in 0.018192 seconds
  Import took 0.022021 seconds .

========================================================================
Received Import Request.
  Time since last request: 0.000162 seconds.
  path: Assets/PolygonAdventure/Prefabs/Environments/SM_Env_Plant_05.prefab
  artifactKey: Guid(afe2818fc38e1c44ea0e9758dd1992d2) Importer(815301076,1909f56bfc062723c751e8b465ee728b)
Start importing Assets/PolygonAdventure/Prefabs/Environments/SM_Env_Plant_05.prefab using Guid(afe2818fc38e1c44ea0e9758dd1992d2) Importer(815301076,1909f56bfc062723c751e8b465ee728b)  -> (artifact id: '7c86598003e2e4edfb253c006472c418') in 0.017834 seconds
  Import took 0.021385 seconds .

========================================================================
Received Import Request.
  Time since last request: 0.000254 seconds.
  path: Assets/PolygonAdventure/Prefabs/Environments/SM_Env_Rock_010.prefab
  artifactKey: Guid(cd24e2db351b23d4394bf6b5203c87a9) Importer(815301076,1909f56bfc062723c751e8b465ee728b)
Start importing Assets/PolygonAdventure/Prefabs/Environments/SM_Env_Rock_010.prefab using Guid(cd24e2db351b23d4394bf6b5203c87a9) Importer(815301076,1909f56bfc062723c751e8b465ee728b)  -> (artifact id: '7b2bdba1dd09a79e4c53204820f0ead5') in 0.015546 seconds
  Import took 0.018706 seconds .

========================================================================
Received Import Request.
  Time since last request: 0.000228 seconds.
  path: Assets/PolygonAdventure/Prefabs/Environments/SM_Env_Pebble_05.prefab
  artifactKey: Guid(581fbcc5bd6fd2e48be0ddfa9bceef37) Importer(815301076,1909f56bfc062723c751e8b465ee728b)
Start importing Assets/PolygonAdventure/Prefabs/Environments/SM_Env_Pebble_05.prefab using Guid(581fbcc5bd6fd2e48be0ddfa9bceef37) Importer(815301076,1909f56bfc062723c751e8b465ee728b)  -> (artifact id: '839c444f868992350c342aa3a26b6b1f') in 0.021025 seconds
  Import took 0.024546 seconds .

========================================================================
Received Import Request.
  Time since last request: 0.001272 seconds.
  path: Assets/PolygonAdventure/Prefabs/Environments/SM_Env_Pebble_01.prefab
  artifactKey: Guid(1d456465ccee43b43a70e33675d29bd8) Importer(815301076,1909f56bfc062723c751e8b465ee728b)
Start importing Assets/PolygonAdventure/Prefabs/Environments/SM_Env_Pebble_01.prefab using Guid(1d456465ccee43b43a70e33675d29bd8) Importer(815301076,1909f56bfc062723c751e8b465ee728b)  -> (artifact id: 'ca1821b3782b2ae9faa3191aa8b636d7') in 0.028109 seconds
  Import took 0.031417 seconds .

========================================================================
Received Import Request.
  Time since last request: 0.000420 seconds.
  path: Assets/PolygonAdventure/Prefabs/Environments/SM_Env_Pebble_05.prefab
  artifactKey: Guid(581fbcc5bd6fd2e48be0ddfa9bceef37) Importer(815301076,1909f56bfc062723c751e8b465ee728b)
Start importing Assets/PolygonAdventure/Prefabs/Environments/SM_Env_Pebble_05.prefab using Guid(581fbcc5bd6fd2e48be0ddfa9bceef37) Importer(815301076,1909f56bfc062723c751e8b465ee728b)  -> (artifact id: '839c444f868992350c342aa3a26b6b1f') in 0.016414 seconds
  Import took 0.019854 seconds .

========================================================================
Received Import Request.
  Time since last request: 0.000334 seconds.
  path: Assets/PolygonAdventure/Prefabs/Environments/SM_Env_Plant_03.prefab
  artifactKey: Guid(999200afe6b45cc4da2c0bda41570269) Importer(815301076,1909f56bfc062723c751e8b465ee728b)
Start importing Assets/PolygonAdventure/Prefabs/Environments/SM_Env_Plant_03.prefab using Guid(999200afe6b45cc4da2c0bda41570269) Importer(815301076,1909f56bfc062723c751e8b465ee728b)  -> (artifact id: 'fd04b174a6344a779bb600c90343ae5b') in 0.018961 seconds
  Import took 0.022271 seconds .

========================================================================
Received Import Request.
  Time since last request: 0.000185 seconds.
  path: Assets/PolygonAdventure/Prefabs/Environments/SM_Env_Pebble_02.prefab
  artifactKey: Guid(e4019aa3c0b9c6b4db5d134d37ee8754) Importer(815301076,1909f56bfc062723c751e8b465ee728b)
Start importing Assets/PolygonAdventure/Prefabs/Environments/SM_Env_Pebble_02.prefab using Guid(e4019aa3c0b9c6b4db5d134d37ee8754) Importer(815301076,1909f56bfc062723c751e8b465ee728b)  -> (artifact id: '5150a92da164874ea8b62c8deff092c5') in 0.022561 seconds
  Import took 0.025451 seconds .

========================================================================
Received Import Request.
  Time since last request: 0.000271 seconds.
  path: Assets/PolygonAdventure/Prefabs/Environments/SM_Env_Lillypads_03.prefab
  artifactKey: Guid(8ffe4fbd5383da64eb60e9e1a6029e20) Importer(815301076,1909f56bfc062723c751e8b465ee728b)
Start importing Assets/PolygonAdventure/Prefabs/Environments/SM_Env_Lillypads_03.prefab using Guid(8ffe4fbd5383da64eb60e9e1a6029e20) Importer(815301076,1909f56bfc062723c751e8b465ee728b)  -> (artifact id: 'b2b7d2a0f199da52e1e447fa0923b18f') in 0.365938 seconds
  Import took 0.372293 seconds .

========================================================================
Received Import Request.
  Time since last request: 0.000287 seconds.
  path: Assets/PolygonAdventure/Prefabs/Environments/SM_Env_Plant_02.prefab
  artifactKey: Guid(cc7144ff9653031498f244b1df8c8fa9) Importer(815301076,1909f56bfc062723c751e8b465ee728b)
Start importing Assets/PolygonAdventure/Prefabs/Environments/SM_Env_Plant_02.prefab using Guid(cc7144ff9653031498f244b1df8c8fa9) Importer(815301076,1909f56bfc062723c751e8b465ee728b)  -> (artifact id: '6ec25f24102b86ae014a3b7ae466b32c') in 0.033998 seconds
  Import took 0.037157 seconds .

========================================================================
Received Import Request.
  Time since last request: 0.000286 seconds.
  path: Assets/PolygonAdventure/Prefabs/Environments/SM_Env_Pebble_04.prefab
  artifactKey: Guid(53514da7b3b16244b8d87288c5e3884c) Importer(815301076,1909f56bfc062723c751e8b465ee728b)
Start importing Assets/PolygonAdventure/Prefabs/Environments/SM_Env_Pebble_04.prefab using Guid(53514da7b3b16244b8d87288c5e3884c) Importer(815301076,1909f56bfc062723c751e8b465ee728b)  -> (artifact id: '024b3dd3c53b86e6b04b692a337a5044') in 0.026963 seconds
  Import took 0.030551 seconds .

========================================================================
Received Prepare
Refreshing native plugins compatible for Editor in 0.76 ms, found 0 plugins.
Preloading 0 native plugins for Editor in 0.00 ms.
Unloading 3 Unused Serialized files (Serialized files now loaded: 0)
System memory in use before: 125.8 MB.
System memory in use after: 125.9 MB.

Unloading 3 unused Assets to reduce memory usage. Loaded Objects now: 1882.
Total: 3.539600 ms (FindLiveObjects: 0.280300 ms CreateObjectMapping: 0.048200 ms MarkObjects: 3.109800 ms  DeleteObjects: 0.099500 ms)

========================================================================
Received Import Request.
  Time since last request: 72.276628 seconds.
  path: Assets/Scenes/JacobTestScene.unity
  artifactKey: Guid(f3d96cb799ced444797ed324d01dc324) Importer(815301076,1909f56bfc062723c751e8b465ee728b)
Start importing Assets/Scenes/JacobTestScene.unity using Guid(f3d96cb799ced444797ed324d01dc324) Importer(815301076,1909f56bfc062723c751e8b465ee728b)  -> (artifact id: '8ad31e960002f75042d407ce7a0fe218') in 0.012779 seconds
  Import took 0.015626 seconds .

========================================================================
Received Import Request.
  Time since last request: 28.842568 seconds.
  path: Assets/Scenes/MenuScene.unity
  artifactKey: Guid(9fc0d4010bbf28b4594072e72b8655ab) Importer(815301076,1909f56bfc062723c751e8b465ee728b)
Start importing Assets/Scenes/MenuScene.unity using Guid(9fc0d4010bbf28b4594072e72b8655ab) Importer(815301076,1909f56bfc062723c751e8b465ee728b)  -> (artifact id: '1260c269fb86f75d1a836bfa6cbc5d25') in 0.012752 seconds
  Import took 0.015845 seconds .

========================================================================
Received Import Request.
  Time since last request: 3.902058 seconds.
  path: Assets/Scenes/MapScene.unity
  artifactKey: Guid(b69ee22e15c61674fb6c03ba3c024d23) Importer(815301076,1909f56bfc062723c751e8b465ee728b)
Start importing Assets/Scenes/MapScene.unity using Guid(b69ee22e15c61674fb6c03ba3c024d23) Importer(815301076,1909f56bfc062723c751e8b465ee728b)  -> (artifact id: '0cd1b670bdb41e5538ce58c2a9fc422c') in 0.007905 seconds
  Import took 0.010785 seconds .

========================================================================
Received Prepare
Registering precompiled user dll's ...
Registered in 0.000636 seconds.
Begin MonoManager ReloadAssembly
Native extension for WindowsStandalone target not found
Refreshing native plugins compatible for Editor in 0.36 ms, found 0 plugins.
Preloading 0 native plugins for Editor in 0.00 ms.
Invoked RoslynAnalysisRunner static constructor.
RoslynAnalysisRunner will not be running.
RoslynAnalysisRunner has terminated.
Mono: successfully reloaded assembly
- Completed reload, in  0.770 seconds
Platform modules already initialized, skipping
Refreshing native plugins compatible for Editor in 0.36 ms, found 0 plugins.
Preloading 0 native plugins for Editor in 0.00 ms.
Unloading 1403 Unused Serialized files (Serialized files now loaded: 0)
System memory in use before: 153.8 MB.
System memory in use after: 153.8 MB.

Unloading 6 unused Assets to reduce memory usage. Loaded Objects now: 1885.
Total: 1.893800 ms (FindLiveObjects: 0.137400 ms CreateObjectMapping: 0.037900 ms MarkObjects: 1.624900 ms  DeleteObjects: 0.092800 ms)

========================================================================
Received Prepare
Registering precompiled user dll's ...
Registered in 0.000717 seconds.
Begin MonoManager ReloadAssembly
Native extension for WindowsStandalone target not found
Refreshing native plugins compatible for Editor in 0.36 ms, found 0 plugins.
Preloading 0 native plugins for Editor in 0.00 ms.
Invoked RoslynAnalysisRunner static constructor.
RoslynAnalysisRunner will not be running.
RoslynAnalysisRunner has terminated.
Mono: successfully reloaded assembly
- Completed reload, in  0.867 seconds
Platform modules already initialized, skipping
Refreshing native plugins compatible for Editor in 0.35 ms, found 0 plugins.
Preloading 0 native plugins for Editor in 0.00 ms.
Unloading 1402 Unused Serialized files (Serialized files now loaded: 0)
System memory in use before: 153.7 MB.
System memory in use after: 153.8 MB.

Unloading 6 unused Assets to reduce memory usage. Loaded Objects now: 1887.
Total: 1.862700 ms (FindLiveObjects: 0.234100 ms CreateObjectMapping: 0.044600 ms MarkObjects: 1.519400 ms  DeleteObjects: 0.063400 ms)

AssetImportWorkerClient::OnTransportError - code=2 error=End of file
